2020-10-21 19:13:44,880 ERROR: Exception on /matgur [POST] [in /opt/miniconda3/lib/python3.8/site-packages/flask/app.py:1758]
Traceback (most recent call last):
  File "/home/mmaitland300/flask/projectmatt/app/flaskgur/flaskgur.py", line 99, in upload_pic
    image_file = request.files['file']
  File "/opt/miniconda3/lib/python3.8/site-packages/werkzeug/datastructures.py", line 431, in __getitem__
    raise exceptions.BadRequestKeyError(key)
werkzeug.exceptions.HTTPException.wrap.<locals>.newcls: 400 Bad Request: The browser (or proxy) sent a request that this server could not understand.

During handling of the above exception, another exception occurred:

Traceback (most recent call last):
  File "/opt/miniconda3/lib/python3.8/site-packages/flask/app.py", line 2292, in wsgi_app
    response = self.full_dispatch_request()
  File "/opt/miniconda3/lib/python3.8/site-packages/flask/app.py", line 1815, in full_dispatch_request
    rv = self.handle_user_exception(e)
  File "/opt/miniconda3/lib/python3.8/site-packages/flask/app.py", line 1718, in handle_user_exception
    reraise(exc_type, exc_value, tb)
  File "/opt/miniconda3/lib/python3.8/site-packages/flask/_compat.py", line 35, in reraise
    raise value
  File "/opt/miniconda3/lib/python3.8/site-packages/flask/app.py", line 1813, in full_dispatch_request
    rv = self.dispatch_request()
  File "/opt/miniconda3/lib/python3.8/site-packages/flask/app.py", line 1799, in dispatch_request
    return self.view_functions[rule.endpoint](**req.view_args)
  File "/home/mmaitland300/flask/projectmatt/app/flaskgur/flaskgur.py", line 117, in upload_pic
    except 400:
TypeError: catching classes that do not inherit from BaseException is not allowed
2020-10-21 19:22:55,548 INFO: Matts brain startup [in /home/mmaitland300/flask/projectmatt/app/__init__.py:102]
2020-10-21 19:22:55,564 INFO: Matts brain startup [in /home/mmaitland300/flask/projectmatt/app/__init__.py:102]
2020-10-21 19:22:55,564 INFO: Matts brain startup [in /home/mmaitland300/flask/projectmatt/app/__init__.py:102]
2020-10-21 19:25:08,526 INFO: Matts brain startup [in /home/mmaitland300/flask/projectmatt/app/__init__.py:102]
2020-10-21 19:25:08,539 INFO: Matts brain startup [in /home/mmaitland300/flask/projectmatt/app/__init__.py:102]
2020-10-21 19:25:08,539 INFO: Matts brain startup [in /home/mmaitland300/flask/projectmatt/app/__init__.py:102]
2020-10-21 19:26:29,284 INFO: Matts brain startup [in /home/mmaitland300/flask/projectmatt/app/__init__.py:102]
2020-10-21 19:26:29,298 INFO: Matts brain startup [in /home/mmaitland300/flask/projectmatt/app/__init__.py:102]
2020-10-21 19:26:29,298 INFO: Matts brain startup [in /home/mmaitland300/flask/projectmatt/app/__init__.py:102]
2020-10-21 19:29:49,398 INFO: Matts brain startup [in /home/mmaitland300/flask/projectmatt/app/__init__.py:102]
2020-10-21 19:29:49,445 INFO: Matts brain startup [in /home/mmaitland300/flask/projectmatt/app/__init__.py:102]
2020-10-21 19:29:49,445 INFO: Matts brain startup [in /home/mmaitland300/flask/projectmatt/app/__init__.py:102]
2020-10-21 19:31:38,519 INFO: Matts brain startup [in /home/mmaitland300/flask/projectmatt/app/__init__.py:102]
2020-10-21 19:31:38,562 INFO: Matts brain startup [in /home/mmaitland300/flask/projectmatt/app/__init__.py:102]
2020-10-21 19:31:38,562 INFO: Matts brain startup [in /home/mmaitland300/flask/projectmatt/app/__init__.py:102]
2020-10-21 19:34:16,276 INFO: Matts brain startup [in /home/mmaitland300/flask/projectmatt/app/__init__.py:102]
2020-10-21 19:34:16,286 INFO: Matts brain startup [in /home/mmaitland300/flask/projectmatt/app/__init__.py:102]
2020-10-21 19:34:16,286 INFO: Matts brain startup [in /home/mmaitland300/flask/projectmatt/app/__init__.py:102]
2020-10-21 19:38:27,872 INFO: Matts brain startup [in /home/mmaitland300/flask/projectmatt/app/__init__.py:102]
2020-10-21 19:38:27,885 INFO: Matts brain startup [in /home/mmaitland300/flask/projectmatt/app/__init__.py:102]
2020-10-21 19:38:27,885 INFO: Matts brain startup [in /home/mmaitland300/flask/projectmatt/app/__init__.py:102]
2020-10-21 19:43:22,395 INFO: Matts brain startup [in /home/mmaitland300/flask/projectmatt/app/__init__.py:102]
2020-10-21 19:43:22,413 INFO: Matts brain startup [in /home/mmaitland300/flask/projectmatt/app/__init__.py:102]
2020-10-21 19:43:22,413 INFO: Matts brain startup [in /home/mmaitland300/flask/projectmatt/app/__init__.py:102]
2020-10-21 19:46:22,959 INFO: Matts brain startup [in /home/mmaitland300/flask/projectmatt/app/__init__.py:102]
2020-10-21 19:46:22,986 INFO: Matts brain startup [in /home/mmaitland300/flask/projectmatt/app/__init__.py:102]
2020-10-21 19:46:22,986 INFO: Matts brain startup [in /home/mmaitland300/flask/projectmatt/app/__init__.py:102]
2020-10-21 19:53:01,035 INFO: Matts brain startup [in /home/mmaitland300/flask/projectmatt/app/__init__.py:102]
2020-10-21 19:53:01,063 INFO: Matts brain startup [in /home/mmaitland300/flask/projectmatt/app/__init__.py:102]
2020-10-21 19:53:01,063 INFO: Matts brain startup [in /home/mmaitland300/flask/projectmatt/app/__init__.py:102]
2020-10-21 19:57:52,072 INFO: Matts brain startup [in /home/mmaitland300/flask/projectmatt/app/__init__.py:102]
2020-10-21 19:57:52,085 INFO: Matts brain startup [in /home/mmaitland300/flask/projectmatt/app/__init__.py:102]
2020-10-21 19:57:52,085 INFO: Matts brain startup [in /home/mmaitland300/flask/projectmatt/app/__init__.py:102]
2020-10-21 20:02:14,803 INFO: Matts brain startup [in /home/mmaitland300/flask/projectmatt/app/__init__.py:102]
2020-10-21 20:02:14,827 INFO: Matts brain startup [in /home/mmaitland300/flask/projectmatt/app/__init__.py:102]
2020-10-21 20:02:14,827 INFO: Matts brain startup [in /home/mmaitland300/flask/projectmatt/app/__init__.py:102]
2020-10-21 20:11:45,878 INFO: Matts brain startup [in /home/mmaitland300/flask/projectmatt/app/__init__.py:102]
2020-10-21 20:11:45,906 INFO: Matts brain startup [in /home/mmaitland300/flask/projectmatt/app/__init__.py:102]
2020-10-21 20:11:45,906 INFO: Matts brain startup [in /home/mmaitland300/flask/projectmatt/app/__init__.py:102]
2020-10-21 20:13:48,145 INFO: Matts brain startup [in /home/mmaitland300/flask/projectmatt/app/__init__.py:102]
2020-10-21 20:13:48,167 INFO: Matts brain startup [in /home/mmaitland300/flask/projectmatt/app/__init__.py:102]
2020-10-21 20:13:48,167 INFO: Matts brain startup [in /home/mmaitland300/flask/projectmatt/app/__init__.py:102]
2020-10-21 20:15:16,669 INFO: Matts brain startup [in /home/mmaitland300/flask/projectmatt/app/__init__.py:102]
2020-10-21 20:15:16,698 INFO: Matts brain startup [in /home/mmaitland300/flask/projectmatt/app/__init__.py:102]
2020-10-21 20:15:16,698 INFO: Matts brain startup [in /home/mmaitland300/flask/projectmatt/app/__init__.py:102]
2020-10-21 20:17:59,745 INFO: Matts brain startup [in /home/mmaitland300/flask/projectmatt/app/__init__.py:102]
2020-10-21 20:17:59,787 INFO: Matts brain startup [in /home/mmaitland300/flask/projectmatt/app/__init__.py:102]
2020-10-21 20:17:59,787 INFO: Matts brain startup [in /home/mmaitland300/flask/projectmatt/app/__init__.py:102]
2020-10-21 20:19:28,153 INFO: Matts brain startup [in /home/mmaitland300/flask/projectmatt/app/__init__.py:102]
2020-10-21 20:19:28,165 INFO: Matts brain startup [in /home/mmaitland300/flask/projectmatt/app/__init__.py:102]
2020-10-21 20:19:28,165 INFO: Matts brain startup [in /home/mmaitland300/flask/projectmatt/app/__init__.py:102]
2020-10-21 20:20:58,017 INFO: Matts brain startup [in /home/mmaitland300/flask/projectmatt/app/__init__.py:102]
2020-10-21 20:20:58,034 INFO: Matts brain startup [in /home/mmaitland300/flask/projectmatt/app/__init__.py:102]
2020-10-21 20:20:58,034 INFO: Matts brain startup [in /home/mmaitland300/flask/projectmatt/app/__init__.py:102]
2020-10-21 20:22:53,844 INFO: Matts brain startup [in /home/mmaitland300/flask/projectmatt/app/__init__.py:102]
2020-10-21 20:22:53,857 INFO: Matts brain startup [in /home/mmaitland300/flask/projectmatt/app/__init__.py:102]
2020-10-21 20:22:53,857 INFO: Matts brain startup [in /home/mmaitland300/flask/projectmatt/app/__init__.py:102]
